2025-10-20 13:32:53,073 INFO task added 1
2025-10-20 13:32:53,074 INFO username john
2025-10-20 13:32:53,075 INFO description test
2025-10-20 13:32:53,075 INFO time of execution 10-20-2025 | 13:32:53
2025-10-20 13:32:53,076 INFO nationality ghana
2025-10-20 13:33:18,650 INFO task added 2
2025-10-20 13:33:18,651 INFO username jon
2025-10-20 13:33:18,652 INFO description test
2025-10-20 13:33:18,652 INFO time of execution 10-20-2025 | 13:33:18
2025-10-20 13:33:18,653 INFO nationality ghana
2025-10-20 13:33:33,600 INFO task added 3
2025-10-20 13:33:33,601 INFO username joe
2025-10-20 13:33:33,601 INFO description test
2025-10-20 13:33:33,604 INFO time of execution 10-20-2025 | 13:33:33
2025-10-20 13:33:33,605 INFO nationality ghana
2025-10-20 13:34:21,741 INFO task added 1
2025-10-20 13:34:21,748 INFO username joe
2025-10-20 13:34:21,748 INFO description test
2025-10-20 13:34:21,749 INFO time of execution 10-20-2025 | 13:34:21
2025-10-20 13:34:21,749 INFO nationality ghana
2025-10-20 13:34:33,351 INFO task added 2
2025-10-20 13:34:33,351 INFO username joy
2025-10-20 13:34:33,352 INFO description test
2025-10-20 13:34:33,352 INFO time of execution 10-20-2025 | 13:34:33
2025-10-20 13:34:33,352 INFO nationality ghana
2025-10-20 13:34:44,367 INFO task added 3
2025-10-20 13:34:44,368 INFO username john
2025-10-20 13:34:44,375 INFO description test
2025-10-20 13:34:44,376 INFO time of execution 10-20-2025 | 13:34:44
2025-10-20 13:34:44,377 INFO nationality ghana
2025-10-20 13:34:52,322 INFO task added 4
2025-10-20 13:34:52,322 INFO username jon
2025-10-20 13:34:52,322 INFO description test
2025-10-20 13:34:52,322 INFO time of execution 10-20-2025 | 13:34:52
2025-10-20 13:34:52,323 INFO nationality ghana
2025-10-20 13:35:31,844 INFO update jon task testing
2025-10-20 13:46:49,299 INFO task completed 2
2025-10-20 13:47:01,713 INFO task completed 3
2025-10-20 13:48:36,268 INFO deleted tasks 1
2025-10-20 13:50:37,948 INFO Section Name 5
2025-10-20 13:50:37,949 INFO Trade Type cosmetics
2025-10-20 13:50:37,958 INFO Number of Traders 15
2025-10-20 13:50:37,958 INFO Sales Per Day 15000000
2025-10-20 13:50:37,958 INFO Taxes Applied yes
2025-10-20 13:50:37,960 INFO Union Name no
2025-10-20 13:50:42,260 INFO Section Name 5
2025-10-20 13:50:42,260 INFO Trade Type cosmetics
2025-10-20 13:50:42,261 INFO Number of Traders 15
2025-10-20 13:50:42,261 INFO Sales Per Day 15000000
2025-10-20 13:50:42,261 INFO Taxes Applied yes
2025-10-20 13:50:42,262 INFO Union Name no
2025-10-20 13:50:48,461 INFO Section Name 5
2025-10-20 13:50:48,462 INFO Trade Type cosmetics
2025-10-20 13:50:48,462 INFO Number of Traders 15
2025-10-20 13:50:48,462 INFO Sales Per Day 15000000
2025-10-20 13:50:48,463 INFO Taxes Applied yes
2025-10-20 13:50:48,463 INFO Union Name no
2025-10-20 13:51:53,519 INFO Section Name 5
2025-10-20 13:51:53,521 INFO Trade Type cosmetics
2025-10-20 13:51:53,521 INFO Number of Traders 15
2025-10-20 13:51:53,522 INFO Sales Per Day 15000000
2025-10-20 13:51:53,522 INFO Taxes Applied yes
2025-10-20 13:51:53,522 INFO Union Name no
2025-10-20 13:51:56,488 INFO Section Name 5
2025-10-20 13:51:56,488 INFO Trade Type cosmetics
2025-10-20 13:51:56,489 INFO Number of Traders 15
2025-10-20 13:51:56,489 INFO Sales Per Day 15000000
2025-10-20 13:51:56,489 INFO Taxes Applied yes
2025-10-20 13:51:56,490 INFO Union Name no
2025-10-20 13:55:19,971 INFO Section Name 5
2025-10-20 13:55:19,972 INFO Trade Type cosmetics
2025-10-20 13:55:19,972 INFO Number of Traders 15
2025-10-20 13:55:19,972 INFO Sales Per Day 15000000
2025-10-20 13:55:19,973 INFO Taxes Applied yes
2025-10-20 13:55:19,973 INFO Union Name no
2025-10-20 13:55:43,571 INFO Section Name 4
2025-10-20 13:55:43,571 INFO Trade Type clothes
2025-10-20 13:55:43,572 INFO Number of Traders 15
2025-10-20 13:55:43,572 INFO Sales Per Day 15000000
2025-10-20 13:55:43,572 INFO Taxes Applied yes
2025-10-20 13:55:43,573 INFO Union Name no
2025-10-20 13:56:00,946 INFO Section Name 1
2025-10-20 13:56:00,946 INFO Trade Type electronics
2025-10-20 13:56:00,947 INFO Number of Traders 15
2025-10-20 13:56:00,947 INFO Sales Per Day 15000000
2025-10-20 13:56:00,947 INFO Taxes Applied yes
2025-10-20 13:56:00,948 INFO Union Name no
2025-10-20 13:56:20,855 INFO Section Name 10
2025-10-20 13:56:20,855 INFO Trade Type groceries
2025-10-20 13:56:20,868 INFO Number of Traders 15
2025-10-20 13:56:20,870 INFO Sales Per Day 15000000
2025-10-20 13:56:20,870 INFO Taxes Applied yes
2025-10-20 13:56:20,871 INFO Union Name no
2025-10-20 13:58:35,698 INFO deleted tasks 1
2025-10-20 14:16:06,261 INFO calculation done add, result11.0 
2025-10-20 14:16:59,879 INFO calculation done divide, result0.8333333333333334 
2025-10-20 14:17:14,389 INFO calculation done sqrt, result2.23606797749979 
2025-10-20 14:21:17,058 INFO calculation done times, result25.0 
2025-10-20 14:22:43,602 INFO calculation done times, result25.0 
2025-10-20 14:23:38,515 INFO calculation done sqrt, result5.0 
2025-10-20 14:24:46,804 INFO calculation done sqrt, result5.0 
2025-10-20 14:25:02,359 INFO calculation done sqrt, result5.0 
2025-10-20 14:25:19,595 INFO calculation done add, result55.0 
2025-10-20 14:25:37,520 INFO calculation done minus, result-5.0 
2025-10-20 14:29:25,906 INFO deleted tasks 1
2025-10-20 14:30:49,547 INFO deleted tasks 1
2025-10-20 14:31:50,273 INFO deleted tasks 1
2025-10-20 14:32:33,632 INFO deleted tasks 3
2025-10-20 14:40:12,067 INFO Section Name 8
2025-10-20 14:40:12,074 INFO Trade Type cows
2025-10-20 14:40:12,075 INFO Number of Traders 33
2025-10-20 14:40:12,075 INFO Sales Per Day 11111111111
2025-10-20 14:40:12,075 INFO Taxes Applied no
2025-10-20 14:40:12,076 INFO Union Name yes
2025-10-20 17:46:31,217 INFO username cool
2025-10-20 17:46:31,219 INFO description sat
2025-10-20 17:46:31,220 INFO time of execution 2025-10-20 16:46:31.189389+00:00
2025-10-20 17:46:31,220 INFO nationality naija
2025-10-20 17:47:08,915 INFO username cool
2025-10-20 17:47:08,915 INFO description sat
2025-10-20 17:47:08,916 INFO time of execution 2025-10-20 16:47:08.914968+00:00
2025-10-20 17:47:08,916 INFO nationality naija
2025-10-20 17:51:14,569 INFO username cool
2025-10-20 17:51:14,570 INFO description sat
2025-10-20 17:51:14,571 INFO time of execution 2025-10-20 16:51:14.544246+00:00
2025-10-20 17:51:14,572 INFO nationality naija
2025-10-20 17:55:08,916 INFO username cool
2025-10-20 17:55:08,917 INFO description sat
2025-10-20 17:55:08,918 INFO time of execution 2025-10-20 16:55:08.899167+00:00
2025-10-20 17:55:08,918 INFO nationality naija
2025-10-20 18:01:42,656 INFO username cool
2025-10-20 18:01:42,658 INFO description sat
2025-10-20 18:01:42,658 INFO time of execution 2025-10-20 17:01:42.641674+00:00
2025-10-20 18:01:42,658 INFO nationality naija
2025-10-20 18:02:35,161 INFO username cool
2025-10-20 18:02:35,161 INFO description sat
2025-10-20 18:02:35,162 INFO time of execution 2025-10-20 17:02:35.160899+00:00
2025-10-20 18:02:35,162 INFO nationality naija
2025-10-20 18:04:38,460 INFO username cool
2025-10-20 18:04:38,466 INFO description sat
2025-10-20 18:04:38,468 INFO time of execution 2025-10-20 17:04:38.444588+00:00
2025-10-20 18:04:38,469 INFO nationality naija
2025-10-20 18:17:20,295 INFO username cool
2025-10-20 18:17:20,295 INFO description sat
2025-10-20 18:17:20,295 INFO time of execution 2025-10-20 17:17:20.294927+00:00
2025-10-20 18:17:20,296 INFO nationality naija
2025-10-20 18:17:22,374 INFO username cool
2025-10-20 18:17:22,374 INFO description sat
2025-10-20 18:17:22,374 INFO time of execution 2025-10-20 17:17:22.374000+00:00
2025-10-20 18:17:22,375 INFO nationality naija
2025-10-20 18:17:28,547 INFO username coo
2025-10-20 18:17:28,551 INFO description sat
2025-10-20 18:17:28,552 INFO time of execution 2025-10-20 17:17:28.546996+00:00
2025-10-20 18:17:28,552 INFO nationality naija
2025-10-20 18:24:55,945 INFO username coo
2025-10-20 18:24:55,946 INFO description sat
2025-10-20 18:24:55,946 INFO time of execution 2025-10-20 17:24:55.933346+00:00
2025-10-20 18:24:55,947 INFO nationality naija
2025-10-20 21:54:02,324 INFO calculation done divide, result0.1142857142857143 
2025-10-20 21:54:55,912 INFO calculation done divide, result0.8 
2025-10-20 21:55:12,344 INFO calculation done times, result20.0 
2025-10-20 22:08:08,444 INFO calculation done divide, result0.08888888888888889 
2025-10-20 22:09:43,567 INFO calculation done divide, result0.08888888888888889 
2025-10-20 22:11:28,339 INFO calculation done divide, result0.08888888888888889 
2025-10-20 22:12:30,993 INFO calculation done divide, result0.08888888888888889 
2025-10-20 22:14:12,381 INFO calculation done minus, result-10.0 
2025-10-20 22:40:21,707 INFO Section Name 6
2025-10-20 22:40:21,710 INFO Trade Type cat
2025-10-20 22:40:21,712 INFO Number of Traders 50
2025-10-20 22:40:21,713 INFO Sales Per Day 66555443.0
2025-10-20 22:40:21,715 INFO Taxes Applied yes
2025-10-20 22:40:21,715 INFO Union Name no
2025-10-20 22:42:09,829 INFO Section Name 6
2025-10-20 22:42:09,830 INFO Trade Type cat
2025-10-20 22:42:09,830 INFO Number of Traders 50
2025-10-20 22:42:09,830 INFO Sales Per Day 66555443.0
2025-10-20 22:42:09,830 INFO Taxes Applied yes
2025-10-20 22:42:09,830 INFO Union Name no
2025-10-20 22:49:11,286 INFO Section Name 6
2025-10-20 22:49:11,287 INFO Trade Type fruit
2025-10-20 22:49:11,287 INFO Number of Traders 5
2025-10-20 22:49:11,287 INFO Sales Per Day 9000000.0
2025-10-20 22:49:11,287 INFO Taxes Applied no
2025-10-20 22:49:11,287 INFO Union Name no
2025-10-21 14:53:14,813 INFO deleted tasks 3
2025-10-21 15:29:29,376 INFO calculation done times, result45.0 
2025-10-21 15:36:54,034 INFO deleted tasks 1
2025-10-21 16:07:17,497 INFO Section Name 2
2025-10-21 16:07:17,498 INFO Trade Type cool
2025-10-21 16:07:17,498 INFO Number of Traders 3
2025-10-21 16:07:17,498 INFO Sales Per Day 222.0
2025-10-21 16:07:17,498 INFO Taxes Applied no
2025-10-21 16:07:17,498 INFO Union Name yes
2025-10-21 16:09:02,046 INFO Section Name 2
2025-10-21 16:09:02,046 INFO Trade Type cool
2025-10-21 16:09:02,046 INFO Number of Traders 3
2025-10-21 16:09:02,046 INFO Sales Per Day 222.0
2025-10-21 16:09:02,046 INFO Taxes Applied no
2025-10-21 16:09:02,046 INFO Union Name yes
2025-10-21 16:09:12,612 INFO Section Name 3
2025-10-21 16:09:12,613 INFO Trade Type cool
2025-10-21 16:09:12,613 INFO Number of Traders 3
2025-10-21 16:09:12,613 INFO Sales Per Day 222.0
2025-10-21 16:09:12,613 INFO Taxes Applied no
2025-10-21 16:09:12,613 INFO Union Name yes
2025-10-21 16:16:13,466 INFO deleted tasks 2
2025-10-21 20:00:15,468 WARNING (trapped) error reading bcrypt version
Traceback (most recent call last):
  File "C:\Users\hp\AppData\Local\Programs\Python\Python313\Lib\site-packages\passlib\handlers\bcrypt.py", line 620, in _load_backend_mixin
    version = _bcrypt.__about__.__version__
              ^^^^^^^^^^^^^^^^^
AttributeError: module 'bcrypt' has no attribute '__about__'
2025-10-21 20:07:46,961 WARNING (trapped) error reading bcrypt version
Traceback (most recent call last):
  File "C:\Users\hp\AppData\Local\Programs\Python\Python313\Lib\site-packages\passlib\handlers\bcrypt.py", line 620, in _load_backend_mixin
    version = _bcrypt.__about__.__version__
              ^^^^^^^^^^^^^^^^^
AttributeError: module 'bcrypt' has no attribute '__about__'
2025-10-21 20:17:30,970 WARNING (trapped) error reading bcrypt version
Traceback (most recent call last):
  File "C:\Users\hp\AppData\Local\Programs\Python\Python313\Lib\site-packages\passlib\handlers\bcrypt.py", line 620, in _load_backend_mixin
    version = _bcrypt.__about__.__version__
              ^^^^^^^^^^^^^^^^^
AttributeError: module 'bcrypt' has no attribute '__about__'
2025-10-21 20:18:16,168 WARNING (trapped) error reading bcrypt version
Traceback (most recent call last):
  File "C:\Users\hp\AppData\Local\Programs\Python\Python313\Lib\site-packages\passlib\handlers\bcrypt.py", line 620, in _load_backend_mixin
    version = _bcrypt.__about__.__version__
              ^^^^^^^^^^^^^^^^^
AttributeError: module 'bcrypt' has no attribute '__about__'
2025-10-21 20:36:15,236 WARNING (trapped) error reading bcrypt version
Traceback (most recent call last):
  File "C:\Users\hp\AppData\Local\Programs\Python\Python313\Lib\site-packages\passlib\handlers\bcrypt.py", line 620, in _load_backend_mixin
    version = _bcrypt.__about__.__version__
              ^^^^^^^^^^^^^^^^^
AttributeError: module 'bcrypt' has no attribute '__about__'
2025-10-21 20:48:09,340 WARNING (trapped) error reading bcrypt version
Traceback (most recent call last):
  File "C:\Users\hp\AppData\Local\Programs\Python\Python313\Lib\site-packages\passlib\handlers\bcrypt.py", line 620, in _load_backend_mixin
    version = _bcrypt.__about__.__version__
              ^^^^^^^^^^^^^^^^^
AttributeError: module 'bcrypt' has no attribute '__about__'
2025-10-21 20:49:58,227 WARNING (trapped) error reading bcrypt version
Traceback (most recent call last):
  File "C:\Users\hp\AppData\Local\Programs\Python\Python313\Lib\site-packages\passlib\handlers\bcrypt.py", line 620, in _load_backend_mixin
    version = _bcrypt.__about__.__version__
              ^^^^^^^^^^^^^^^^^
AttributeError: module 'bcrypt' has no attribute '__about__'
2025-10-21 21:02:55,951 WARNING (trapped) error reading bcrypt version
Traceback (most recent call last):
  File "C:\Users\hp\AppData\Local\Programs\Python\Python313\Lib\site-packages\passlib\handlers\bcrypt.py", line 620, in _load_backend_mixin
    version = _bcrypt.__about__.__version__
              ^^^^^^^^^^^^^^^^^
AttributeError: module 'bcrypt' has no attribute '__about__'
2025-10-21 21:07:28,279 WARNING (trapped) error reading bcrypt version
Traceback (most recent call last):
  File "C:\Users\hp\AppData\Local\Programs\Python\Python313\Lib\site-packages\passlib\handlers\bcrypt.py", line 620, in _load_backend_mixin
    version = _bcrypt.__about__.__version__
              ^^^^^^^^^^^^^^^^^
AttributeError: module 'bcrypt' has no attribute '__about__'
2025-10-21 21:08:02,166 WARNING (trapped) error reading bcrypt version
Traceback (most recent call last):
  File "C:\Users\hp\AppData\Local\Programs\Python\Python313\Lib\site-packages\passlib\handlers\bcrypt.py", line 620, in _load_backend_mixin
    version = _bcrypt.__about__.__version__
              ^^^^^^^^^^^^^^^^^
AttributeError: module 'bcrypt' has no attribute '__about__'
2025-10-21 21:09:26,057 WARNING (trapped) error reading bcrypt version
Traceback (most recent call last):
  File "C:\Users\hp\AppData\Local\Programs\Python\Python313\Lib\site-packages\passlib\handlers\bcrypt.py", line 620, in _load_backend_mixin
    version = _bcrypt.__about__.__version__
              ^^^^^^^^^^^^^^^^^
AttributeError: module 'bcrypt' has no attribute '__about__'
2025-10-21 21:19:27,369 WARNING (trapped) error reading bcrypt version
Traceback (most recent call last):
  File "C:\Users\hp\AppData\Local\Programs\Python\Python313\Lib\site-packages\passlib\handlers\bcrypt.py", line 620, in _load_backend_mixin
    version = _bcrypt.__about__.__version__
              ^^^^^^^^^^^^^^^^^
AttributeError: module 'bcrypt' has no attribute '__about__'
2025-10-21 21:19:56,187 WARNING (trapped) error reading bcrypt version
Traceback (most recent call last):
  File "C:\Users\hp\AppData\Local\Programs\Python\Python313\Lib\site-packages\passlib\handlers\bcrypt.py", line 620, in _load_backend_mixin
    version = _bcrypt.__about__.__version__
              ^^^^^^^^^^^^^^^^^
AttributeError: module 'bcrypt' has no attribute '__about__'
2025-10-21 21:58:48,519 WARNING (trapped) error reading bcrypt version
Traceback (most recent call last):
  File "C:\Users\hp\AppData\Local\Programs\Python\Python313\Lib\site-packages\passlib\handlers\bcrypt.py", line 620, in _load_backend_mixin
    version = _bcrypt.__about__.__version__
              ^^^^^^^^^^^^^^^^^
AttributeError: module 'bcrypt' has no attribute '__about__'
2025-10-21 22:00:22,333 WARNING (trapped) error reading bcrypt version
Traceback (most recent call last):
  File "C:\Users\hp\AppData\Local\Programs\Python\Python313\Lib\site-packages\passlib\handlers\bcrypt.py", line 620, in _load_backend_mixin
    version = _bcrypt.__about__.__version__
              ^^^^^^^^^^^^^^^^^
AttributeError: module 'bcrypt' has no attribute '__about__'
2025-10-21 22:09:53,845 WARNING (trapped) error reading bcrypt version
Traceback (most recent call last):
  File "C:\Users\hp\AppData\Local\Programs\Python\Python313\Lib\site-packages\passlib\handlers\bcrypt.py", line 620, in _load_backend_mixin
    version = _bcrypt.__about__.__version__
              ^^^^^^^^^^^^^^^^^
AttributeError: module 'bcrypt' has no attribute '__about__'
2025-10-21 22:30:33,570 WARNING (trapped) error reading bcrypt version
Traceback (most recent call last):
  File "C:\Users\hp\AppData\Local\Programs\Python\Python313\Lib\site-packages\passlib\handlers\bcrypt.py", line 620, in _load_backend_mixin
    version = _bcrypt.__about__.__version__
              ^^^^^^^^^^^^^^^^^
AttributeError: module 'bcrypt' has no attribute '__about__'
2025-10-21 22:54:39,011 WARNING (trapped) error reading bcrypt version
Traceback (most recent call last):
  File "C:\Users\hp\AppData\Local\Programs\Python\Python313\Lib\site-packages\passlib\handlers\bcrypt.py", line 620, in _load_backend_mixin
    version = _bcrypt.__about__.__version__
              ^^^^^^^^^^^^^^^^^
AttributeError: module 'bcrypt' has no attribute '__about__'
2025-10-21 23:01:11,147 WARNING (trapped) error reading bcrypt version
Traceback (most recent call last):
  File "C:\Users\hp\AppData\Local\Programs\Python\Python313\Lib\site-packages\passlib\handlers\bcrypt.py", line 620, in _load_backend_mixin
    version = _bcrypt.__about__.__version__
              ^^^^^^^^^^^^^^^^^
AttributeError: module 'bcrypt' has no attribute '__about__'
2025-10-21 23:03:22,729 WARNING (trapped) error reading bcrypt version
Traceback (most recent call last):
  File "C:\Users\hp\AppData\Local\Programs\Python\Python313\Lib\site-packages\passlib\handlers\bcrypt.py", line 620, in _load_backend_mixin
    version = _bcrypt.__about__.__version__
              ^^^^^^^^^^^^^^^^^
AttributeError: module 'bcrypt' has no attribute '__about__'
2025-10-21 23:08:10,441 WARNING (trapped) error reading bcrypt version
Traceback (most recent call last):
  File "C:\Users\hp\AppData\Local\Programs\Python\Python313\Lib\site-packages\passlib\handlers\bcrypt.py", line 620, in _load_backend_mixin
    version = _bcrypt.__about__.__version__
              ^^^^^^^^^^^^^^^^^
AttributeError: module 'bcrypt' has no attribute '__about__'
2025-10-21 23:09:05,888 WARNING (trapped) error reading bcrypt version
Traceback (most recent call last):
  File "C:\Users\hp\AppData\Local\Programs\Python\Python313\Lib\site-packages\passlib\handlers\bcrypt.py", line 620, in _load_backend_mixin
    version = _bcrypt.__about__.__version__
              ^^^^^^^^^^^^^^^^^
AttributeError: module 'bcrypt' has no attribute '__about__'
