2025-11-07 17:17:25,756 INFO GET  /docs - status:200 - Duration: 0.0123s
2025-11-07 17:17:26,415 INFO GET  /openapi.json - status:200 - Duration: 0.4172s
2025-11-07 17:17:38,639 INFO Refresh token attempt
2025-11-07 17:17:38,642 WARNING Refresh token missing
2025-11-07 17:17:38,646 WARNING HTTPException: missing token | Path: /Auth/refresh
2025-11-07 17:17:38,648 INFO POST  /Auth/refresh - status:401 - Duration: 0.0136s
2025-11-07 17:17:58,024 INFO User Emma logged in successfully
2025-11-07 17:17:58,027 INFO POST  /Auth/logins - status:200 - Duration: 0.6556s
2025-11-07 17:18:28,280 INFO GET  /Information/view_profile - status:200 - Duration: 0.1960s
2025-11-07 18:02:05,234 INFO GET  /Information/view_profile - status:200 - Duration: 0.1478s
2025-11-07 18:33:04,806 INFO Refresh token attempt
2025-11-07 18:33:04,839 INFO Refresh token successful for username: Emma
2025-11-07 18:33:04,840 INFO POST  /Auth/refresh - status:200 - Duration: 0.0370s
2025-11-07 18:33:37,579 INFO GET  /Information/view_profile - status:200 - Duration: 0.3771s
2025-11-07 18:36:48,795 ERROR GET  /Information/view_profile -error:can't subtract offset-naive and offset-aware datetimes - Duration: 0.5486s
2025-11-07 18:36:48,796 ERROR unhandled errors on /Information/view_profile: can't subtract offset-naive and offset-aware datetimes
2025-11-07 18:37:36,317 INFO GET  /Information/view_profile - status:200 - Duration: 0.3933s
2025-11-07 18:58:40,178 INFO GET  /Information/view_profile - status:200 - Duration: 0.4129s
2025-11-07 19:00:46,431 INFO GET  /Information/view_profile - status:200 - Duration: 0.3983s
2025-11-07 19:02:30,851 INFO GET  /Information/view_profile - status:200 - Duration: 0.3771s
2025-11-07 19:46:11,465 WARNING HTTPException: not authenticated | Path: /Information/view_profile
2025-11-07 19:46:11,467 INFO GET  /Information/view_profile - status:401 - Duration: 0.0972s
2025-11-07 19:46:18,793 INFO Refresh token attempt
2025-11-07 19:46:18,795 INFO Refresh token successful for username: Emma
2025-11-07 19:46:18,797 INFO POST  /Auth/refresh - status:200 - Duration: 0.0040s
2025-11-07 19:46:58,260 WARNING Validation Error on /Information/view_profile: [{'type': 'string_type', 'loc': ('status',), 'msg': 'Input should be a valid string', 'input': None, 'url': 'https://errors.pydantic.dev/2.12/v/string_type'}]
2025-11-07 19:46:58,262 INFO GET  /Information/view_profile - status:422 - Duration: 0.5086s
2025-11-07 19:51:07,682 INFO GET  /Information/view_profile - status:200 - Duration: 0.4015s
2025-11-07 19:52:34,086 INFO GET  /Information/view_profile - status:200 - Duration: 0.3257s
2025-11-07 19:53:56,051 INFO GET  /Information/view_profile - status:200 - Duration: 0.3754s
2025-11-07 20:13:23,523 INFO GET  /Information/view_profile - status:200 - Duration: 0.4066s
2025-11-07 20:28:12,321 INFO GET  /Information/view_profile - status:200 - Duration: 0.4051s
2025-11-07 20:28:18,102 INFO GET  /Information/view_profile - status:200 - Duration: 0.0585s
2025-11-07 20:28:59,742 INFO GET  /Information/view_profile - status:200 - Duration: 0.0481s
2025-11-07 20:31:09,796 INFO GET  /Information/view_profile - status:200 - Duration: 0.4683s
2025-11-07 20:40:40,580 INFO GET  /Information/view_profile - status:200 - Duration: 0.9350s
2025-11-07 20:43:32,764 INFO GET  /Information/view_profile - status:200 - Duration: 0.3906s
2025-11-07 20:44:20,910 INFO GET  /Information/view_profile - status:200 - Duration: 0.0727s
2025-11-07 20:45:12,840 INFO GET  /Information/view_profile - status:200 - Duration: 0.0715s
2025-11-07 20:48:44,084 WARNING HTTPException: not authenticated | Path: /Information/view_profile
2025-11-07 20:48:44,086 INFO GET  /Information/view_profile - status:401 - Duration: 0.0867s
2025-11-07 20:48:52,551 INFO Refresh token attempt
2025-11-07 20:48:52,555 INFO Refresh token successful for username: Emma
2025-11-07 20:48:52,557 INFO POST  /Auth/refresh - status:200 - Duration: 0.0064s
2025-11-07 20:49:22,803 INFO GET  /Information/view_profile - status:200 - Duration: 0.3731s
2025-11-07 20:51:05,781 INFO GET  /Information/view_profile - status:200 - Duration: 0.4136s
2025-11-07 20:51:57,478 INFO task successfully created by Emma. task: set
2025-11-07 20:51:57,480 INFO POST  /Tasks/create - status:200 - Duration: 0.0444s
2025-11-07 20:52:21,293 INFO GET  /Information/view_profile - status:200 - Duration: 0.1034s
2025-11-07 20:53:14,659 WARNING Emma, tried marking an invalid id as complete, id attempted, 3
2025-11-07 20:53:14,662 INFO GET  /Tasks/mark_complete - status:200 - Duration: 0.0068s
2025-11-07 20:57:58,437 INFO Emma successfully marked task with task id '3' as complete
2025-11-07 20:57:58,459 INFO GET  /Tasks/mark_complete - status:200 - Duration: 0.0306s
2025-11-07 20:59:12,470 INFO GET  /Information/view_profile - status:200 - Duration: 0.0494s
2025-11-07 21:00:32,342 INFO GET  /Information/view_profile - status:200 - Duration: 0.0815s
2025-11-07 21:33:04,882 INFO GET  /Information/view_profile - status:200 - Duration: 0.6023s
2025-11-08 14:09:31,513 INFO GET  /docs - status:200 - Duration: 0.0016s
2025-11-08 14:09:31,979 INFO GET  /openapi.json - status:200 - Duration: 0.3614s
2025-11-08 14:47:36,350 INFO GET  /docs - status:200 - Duration: 0.0009s
2025-11-08 14:47:37,000 INFO GET  /openapi.json - status:200 - Duration: 0.3178s
2025-11-08 14:48:44,021 WARNING Registration failed: Username Emma already exists
2025-11-08 14:48:44,024 WARNING HTTPException: user already exists | Path: /Auth/registeration
2025-11-08 14:48:44,026 INFO POST  /Auth/registeration - status:400 - Duration: 0.2380s
2025-11-08 14:48:53,864 INFO Registration attempt for username: Emma001, email: elightdivine@gmail.com
2025-11-08 14:49:00,287 INFO User Emma001 registered successfully
2025-11-08 14:49:00,292 INFO POST  /Auth/registeration - status:200 - Duration: 6.6057s
2025-11-08 15:11:22,834 INFO Registration attempt for username: Emma00, email: ona9648@gmail.com
2025-11-08 15:11:22,856 INFO User Emma00 registered successfully
2025-11-08 15:11:22,858 INFO POST  /Auth/registeration - status:200 - Duration: 0.1990s
