2025-10-22 18:23:21,413 INFO Section Name 6
2025-10-22 18:23:21,415 INFO Trade Type cool
2025-10-22 18:23:21,415 INFO Number of Traders 5
2025-10-22 18:23:21,415 INFO Sales Per Day 4000.0
2025-10-22 18:23:21,418 INFO Taxes Applied yes
2025-10-22 18:23:21,419 INFO Union Name no
2025-10-22 18:23:54,077 INFO Section Name 6
2025-10-22 18:23:54,077 INFO Trade Type cool
2025-10-22 18:23:54,078 INFO Number of Traders 5
2025-10-22 18:23:54,078 INFO Sales Per Day 4000.0
2025-10-22 18:23:54,078 INFO Taxes Applied yes
2025-10-22 18:23:54,078 INFO Union Name no
2025-10-22 18:28:36,790 INFO Section Name 6
2025-10-22 18:28:36,791 INFO Trade Type cool
2025-10-22 18:28:36,791 INFO Number of Traders 5
2025-10-22 18:28:36,791 INFO Sales Per Day 4000.0
2025-10-22 18:28:36,794 INFO Taxes Applied yes
2025-10-22 18:28:36,795 INFO Union Name no
2025-10-22 18:38:40,108 INFO Section Name 6
2025-10-22 18:38:40,109 INFO Trade Type cool
2025-10-22 18:38:40,109 INFO Number of Traders 5
2025-10-22 18:38:40,109 INFO Sales Per Day 4000.0
2025-10-22 18:38:40,109 INFO Taxes Applied yes
2025-10-22 18:38:40,109 INFO Union Name no
2025-10-22 20:25:25,438 INFO Section Name 5
2025-10-22 20:25:25,439 INFO Trade Type Clothes
2025-10-22 20:25:25,439 INFO Number of Traders 15
2025-10-22 20:25:25,439 INFO Sales Per Day 50000000.0
2025-10-22 20:25:25,440 INFO Taxes Applied no
2025-10-22 20:25:25,440 INFO Union Name yes
2025-10-22 20:25:41,014 INFO Section Name 5
2025-10-22 20:25:41,015 INFO Trade Type Electronics
2025-10-22 20:25:41,015 INFO Number of Traders 15
2025-10-22 20:25:41,015 INFO Sales Per Day 50000000.0
2025-10-22 20:25:41,015 INFO Taxes Applied no
2025-10-22 20:25:41,015 INFO Union Name yes
2025-10-22 20:27:25,965 INFO deleted tasks 5
2025-10-22 20:40:21,599 INFO calculation done divide, result0.8 
2025-10-22 20:41:00,631 INFO deleted tasks 1
2025-10-22 20:42:01,861 INFO calculation done divide, result0.8 
2025-10-22 20:42:02,704 INFO calculation done divide, result0.8 
2025-10-22 20:42:03,520 INFO calculation done divide, result0.8 
2025-10-23 18:59:27,276 INFO Section Name 6
2025-10-23 18:59:27,278 INFO Trade Type cow
2025-10-23 18:59:27,278 INFO Number of Traders 15
2025-10-23 18:59:27,278 INFO Sales Per Day 4000000.0
2025-10-23 18:59:27,280 INFO Taxes Applied no
2025-10-23 18:59:27,280 INFO Union Name yes
2025-10-23 18:59:52,753 INFO Section Name 6
2025-10-23 18:59:52,753 INFO Trade Type cow
2025-10-23 18:59:52,753 INFO Number of Traders 15
2025-10-23 18:59:52,753 INFO Sales Per Day 4000000.0
2025-10-23 18:59:52,754 INFO Taxes Applied no
2025-10-23 18:59:52,754 INFO Union Name yes
2025-10-23 19:00:03,395 INFO Section Name 8
2025-10-23 19:00:03,396 INFO Trade Type cow
2025-10-23 19:00:03,396 INFO Number of Traders 15
2025-10-23 19:00:03,396 INFO Sales Per Day 4000000.0
2025-10-23 19:00:03,396 INFO Taxes Applied no
2025-10-23 19:00:03,396 INFO Union Name yes
2025-10-23 19:02:00,992 INFO deleted tasks 6
2025-10-23 19:08:01,363 INFO calculation done divide, result0.8333333333333334 
2025-10-23 19:08:08,828 INFO calculation done divide, result0.8333333333333334 
2025-10-23 19:08:09,369 INFO calculation done divide, result0.8333333333333334 
2025-10-23 19:10:27,822 INFO deleted tasks 1
2025-10-23 19:17:10,053 INFO deleted tasks 2
2025-10-24 11:37:59,380 INFO calculation done times, result40.0 
2025-10-24 11:38:10,783 INFO calculation done divide, result0.625 
2025-10-24 12:29:20,343 INFO calculation done divide, result0.8333333333333334 
2025-10-24 12:56:33,578 INFO Section Name 6
2025-10-24 12:56:33,578 INFO Trade Type cow tail
2025-10-24 12:56:33,579 INFO Number of Traders 15
2025-10-24 12:56:33,579 INFO Sales Per Day 300000.0
2025-10-24 12:56:33,579 INFO Taxes Applied yes
2025-10-24 12:56:33,579 INFO Union Name no
2025-10-24 13:11:43,242 INFO Section Name 6
2025-10-24 13:11:43,243 INFO Trade Type sabi boy
2025-10-24 13:11:43,244 INFO Number of Traders 1
2025-10-24 13:11:43,244 INFO Sales Per Day 1e+82
2025-10-24 13:11:43,245 INFO Taxes Applied no
2025-10-24 13:11:43,245 INFO Union Name yes
2025-10-26 19:40:20,851 INFO calculation done divide, result0.7142857142857143 
2025-10-26 19:40:56,253 INFO calculation done times, result35.0 
2025-10-26 19:41:04,402 INFO calculation done minus, result-2.0 
2025-10-26 19:41:25,278 INFO calculation done sqrt, result2.23606797749979 
2025-10-26 19:53:47,207 INFO calculation done times, result4400.0 
2025-10-26 20:36:23,205 INFO calculation done divide, result0.625 
2025-10-27 01:14:01,037 INFO Section Name 2
2025-10-27 01:14:01,038 INFO Trade Type sabi boy
2025-10-27 01:14:01,038 INFO Number of Traders 5
2025-10-27 01:14:01,038 INFO Sales Per Day 50.0
2025-10-27 01:14:01,038 INFO Taxes Applied no
2025-10-27 01:14:01,041 INFO Union Name no
2025-10-27 01:14:05,137 INFO Section Name 2
2025-10-27 01:14:05,137 INFO Trade Type sabi boy
2025-10-27 01:14:05,137 INFO Number of Traders 5
2025-10-27 01:14:05,137 INFO Sales Per Day 50.0
2025-10-27 01:14:05,137 INFO Taxes Applied no
2025-10-27 01:14:05,138 INFO Union Name no
2025-10-27 01:14:28,179 INFO Section Name 2
2025-10-27 01:14:28,179 INFO Trade Type sabi boy
2025-10-27 01:14:28,179 INFO Number of Traders 5
2025-10-27 01:14:28,180 INFO Sales Per Day 50.0
2025-10-27 01:14:28,180 INFO Taxes Applied no
2025-10-27 01:14:28,180 INFO Union Name no
2025-10-27 01:14:39,465 INFO Section Name 2
2025-10-27 01:14:39,465 INFO Trade Type sabi boy
2025-10-27 01:14:39,465 INFO Number of Traders 5
2025-10-27 01:14:39,466 INFO Sales Per Day 50.0
2025-10-27 01:14:39,466 INFO Taxes Applied no
2025-10-27 01:14:39,466 INFO Union Name no
2025-10-27 01:51:07,835 INFO Section Name 5
2025-10-27 01:51:07,836 INFO Trade Type sabi boy
2025-10-27 01:51:07,837 INFO Number of Traders 5
2025-10-27 01:51:07,837 INFO Sales Per Day 50.0
2025-10-27 01:51:07,838 INFO Taxes Applied yes
2025-10-27 01:51:07,838 INFO Union Name no
2025-10-27 01:51:10,162 INFO Section Name 5
2025-10-27 01:51:10,162 INFO Trade Type sabi boy
2025-10-27 01:51:10,162 INFO Number of Traders 5
2025-10-27 01:51:10,162 INFO Sales Per Day 50.0
2025-10-27 01:51:10,163 INFO Taxes Applied yes
2025-10-27 01:51:10,163 INFO Union Name no
2025-10-27 01:51:19,361 INFO Section Name 5
2025-10-27 01:51:19,362 INFO Trade Type cool kid
2025-10-27 01:51:19,362 INFO Number of Traders 5
2025-10-27 01:51:19,362 INFO Sales Per Day 50.0
2025-10-27 01:51:19,362 INFO Taxes Applied yes
2025-10-27 01:51:19,362 INFO Union Name no
2025-10-27 01:51:20,453 INFO Section Name 5
2025-10-27 01:51:20,454 INFO Trade Type cool kid
2025-10-27 01:51:20,454 INFO Number of Traders 5
2025-10-27 01:51:20,454 INFO Sales Per Day 50.0
2025-10-27 01:51:20,454 INFO Taxes Applied yes
2025-10-27 01:51:20,454 INFO Union Name no
2025-10-27 01:51:35,033 INFO Section Name 88
2025-10-27 01:51:35,033 INFO Trade Type nasty
2025-10-27 01:51:35,034 INFO Number of Traders 5
2025-10-27 01:51:35,034 INFO Sales Per Day 50.0
2025-10-27 01:51:35,034 INFO Taxes Applied yes
2025-10-27 01:51:35,034 INFO Union Name no
2025-10-27 19:33:02,923 WARNING python-dotenv could not parse statement starting at line 10
2025-10-27 19:33:02,967 WARNING python-dotenv could not parse statement starting at line 10
2025-10-27 19:33:03,014 WARNING python-dotenv could not parse statement starting at line 10
2025-10-27 19:33:59,622 WARNING python-dotenv could not parse statement starting at line 10
2025-10-27 19:33:59,656 WARNING python-dotenv could not parse statement starting at line 10
2025-10-27 19:33:59,697 WARNING python-dotenv could not parse statement starting at line 10
2025-10-27 19:34:25,802 WARNING python-dotenv could not parse statement starting at line 10
2025-10-27 19:34:25,835 WARNING python-dotenv could not parse statement starting at line 10
2025-10-27 19:34:25,877 WARNING python-dotenv could not parse statement starting at line 10
2025-10-27 19:35:35,472 WARNING python-dotenv could not parse statement starting at line 10
2025-10-27 19:35:35,511 WARNING python-dotenv could not parse statement starting at line 10
2025-10-27 19:35:35,562 WARNING python-dotenv could not parse statement starting at line 10
2025-10-27 19:38:35,140 WARNING python-dotenv could not parse statement starting at line 10
2025-10-27 19:38:35,173 WARNING python-dotenv could not parse statement starting at line 10
2025-10-27 19:38:35,217 WARNING python-dotenv could not parse statement starting at line 10
2025-10-27 19:39:20,009 WARNING python-dotenv could not parse statement starting at line 10
2025-10-27 19:39:20,074 WARNING python-dotenv could not parse statement starting at line 10
2025-10-27 19:39:20,084 WARNING python-dotenv could not parse statement starting at line 10
2025-10-27 19:44:30,192 WARNING python-dotenv could not parse statement starting at line 10
2025-10-27 19:44:30,223 WARNING python-dotenv could not parse statement starting at line 10
2025-10-27 19:44:30,233 WARNING python-dotenv could not parse statement starting at line 10
2025-10-27 19:46:10,827 WARNING python-dotenv could not parse statement starting at line 10
2025-10-27 19:46:10,859 WARNING python-dotenv could not parse statement starting at line 10
2025-10-27 19:46:10,869 WARNING python-dotenv could not parse statement starting at line 10
2025-10-27 19:46:58,127 WARNING python-dotenv could not parse statement starting at line 10
2025-10-27 19:46:58,160 WARNING python-dotenv could not parse statement starting at line 10
2025-10-27 19:46:58,171 WARNING python-dotenv could not parse statement starting at line 10
2025-10-27 19:47:33,550 WARNING python-dotenv could not parse statement starting at line 10
2025-10-27 19:47:33,583 WARNING python-dotenv could not parse statement starting at line 10
2025-10-27 19:47:33,595 WARNING python-dotenv could not parse statement starting at line 10
2025-10-27 19:49:05,380 WARNING python-dotenv could not parse statement starting at line 10
2025-10-27 19:49:05,412 WARNING python-dotenv could not parse statement starting at line 10
2025-10-27 19:49:05,421 WARNING python-dotenv could not parse statement starting at line 10
2025-10-27 19:57:23,194 WARNING python-dotenv could not parse statement starting at line 10
2025-10-27 19:57:23,229 WARNING python-dotenv could not parse statement starting at line 10
2025-10-27 19:57:23,238 WARNING python-dotenv could not parse statement starting at line 10
2025-10-27 19:59:19,036 WARNING python-dotenv could not parse statement starting at line 10
2025-10-27 19:59:19,109 WARNING python-dotenv could not parse statement starting at line 10
2025-10-27 19:59:19,118 WARNING python-dotenv could not parse statement starting at line 10
2025-10-27 19:59:59,873 WARNING python-dotenv could not parse statement starting at line 10
2025-10-27 19:59:59,939 WARNING python-dotenv could not parse statement starting at line 10
2025-10-27 19:59:59,948 WARNING python-dotenv could not parse statement starting at line 10
2025-10-27 20:01:18,429 WARNING python-dotenv could not parse statement starting at line 10
2025-10-27 20:01:18,467 WARNING python-dotenv could not parse statement starting at line 10
2025-10-27 20:01:18,513 WARNING python-dotenv could not parse statement starting at line 10
2025-10-27 20:01:41,373 WARNING python-dotenv could not parse statement starting at line 10
2025-10-27 20:01:41,407 WARNING python-dotenv could not parse statement starting at line 10
2025-10-27 20:01:41,416 WARNING python-dotenv could not parse statement starting at line 10
2025-10-27 20:03:13,166 WARNING python-dotenv could not parse statement starting at line 10
2025-10-27 20:03:27,316 WARNING python-dotenv could not parse statement starting at line 10
2025-10-27 20:03:27,392 WARNING python-dotenv could not parse statement starting at line 10
2025-10-27 20:03:27,403 WARNING python-dotenv could not parse statement starting at line 10
2025-10-27 20:04:52,994 WARNING python-dotenv could not parse statement starting at line 10
2025-10-27 20:04:53,026 WARNING python-dotenv could not parse statement starting at line 10
2025-10-27 20:05:02,734 WARNING python-dotenv could not parse statement starting at line 10
2025-10-27 20:05:02,768 WARNING python-dotenv could not parse statement starting at line 10
2025-10-27 20:05:02,808 WARNING python-dotenv could not parse statement starting at line 10
2025-10-27 20:20:16,929 WARNING python-dotenv could not parse statement starting at line 10
2025-10-27 20:20:16,969 WARNING python-dotenv could not parse statement starting at line 10
2025-10-27 20:20:16,978 WARNING python-dotenv could not parse statement starting at line 10
2025-10-27 20:28:44,004 WARNING python-dotenv could not parse statement starting at line 10
2025-10-27 20:28:44,038 WARNING python-dotenv could not parse statement starting at line 10
2025-10-27 20:28:44,048 WARNING python-dotenv could not parse statement starting at line 10
2025-10-27 20:29:38,128 WARNING python-dotenv could not parse statement starting at line 10
2025-10-27 20:29:38,165 WARNING python-dotenv could not parse statement starting at line 10
2025-10-27 20:29:38,176 WARNING python-dotenv could not parse statement starting at line 10
2025-10-27 20:32:36,987 WARNING python-dotenv could not parse statement starting at line 10
2025-10-27 20:32:37,027 WARNING python-dotenv could not parse statement starting at line 10
2025-10-27 20:32:37,037 WARNING python-dotenv could not parse statement starting at line 10
2025-10-27 20:32:45,963 INFO Section Name 5
2025-10-27 20:32:45,963 INFO Trade Type Bible
2025-10-27 20:32:45,963 INFO Number of Traders 5
2025-10-27 20:32:45,964 INFO Sales Per Day 60.0
2025-10-27 20:32:45,964 INFO Taxes Applied no
2025-10-27 20:32:45,964 INFO Union Name yes
2025-10-27 20:32:54,293 INFO Section Name 5
2025-10-27 20:32:54,293 INFO Trade Type Bible
2025-10-27 20:32:54,293 INFO Number of Traders 5
2025-10-27 20:32:54,293 INFO Sales Per Day 60.0
2025-10-27 20:32:54,293 INFO Taxes Applied no
2025-10-27 20:32:54,293 INFO Union Name yes
2025-10-27 20:33:06,169 INFO Section Name 5
2025-10-27 20:33:06,169 INFO Trade Type sabi boy
2025-10-27 20:33:06,169 INFO Number of Traders 5
2025-10-27 20:33:06,169 INFO Sales Per Day 60.0
2025-10-27 20:33:06,169 INFO Taxes Applied no
2025-10-27 20:33:06,170 INFO Union Name yes
2025-10-27 20:34:00,398 WARNING python-dotenv could not parse statement starting at line 10
2025-10-27 20:34:00,437 WARNING python-dotenv could not parse statement starting at line 10
2025-10-27 20:34:00,448 WARNING python-dotenv could not parse statement starting at line 10
2025-10-27 20:36:34,039 WARNING python-dotenv could not parse statement starting at line 10
2025-10-27 20:36:34,074 WARNING python-dotenv could not parse statement starting at line 10
2025-10-27 20:36:34,084 WARNING python-dotenv could not parse statement starting at line 10
2025-10-27 20:38:45,571 WARNING python-dotenv could not parse statement starting at line 10
2025-10-27 20:38:45,608 WARNING python-dotenv could not parse statement starting at line 10
2025-10-27 20:38:45,618 WARNING python-dotenv could not parse statement starting at line 10
2025-10-27 20:39:15,824 WARNING python-dotenv could not parse statement starting at line 10
2025-10-27 20:39:15,859 WARNING python-dotenv could not parse statement starting at line 10
2025-10-27 20:39:15,868 WARNING python-dotenv could not parse statement starting at line 10
2025-10-27 20:40:21,933 WARNING python-dotenv could not parse statement starting at line 10
2025-10-27 20:40:21,975 WARNING python-dotenv could not parse statement starting at line 10
2025-10-27 20:40:21,990 WARNING python-dotenv could not parse statement starting at line 10
2025-10-27 20:42:41,846 WARNING python-dotenv could not parse statement starting at line 10
2025-10-27 20:42:41,880 WARNING python-dotenv could not parse statement starting at line 10
2025-10-27 20:42:41,890 WARNING python-dotenv could not parse statement starting at line 10
2025-10-27 20:46:59,233 WARNING python-dotenv could not parse statement starting at line 10
2025-10-27 20:46:59,271 WARNING python-dotenv could not parse statement starting at line 10
2025-10-27 20:46:59,281 WARNING python-dotenv could not parse statement starting at line 10
2025-10-27 20:51:20,537 WARNING python-dotenv could not parse statement starting at line 10
2025-10-27 20:51:20,577 WARNING python-dotenv could not parse statement starting at line 10
2025-10-27 20:51:20,586 WARNING python-dotenv could not parse statement starting at line 10
2025-10-27 20:54:20,729 WARNING python-dotenv could not parse statement starting at line 10
2025-10-27 20:54:20,767 WARNING python-dotenv could not parse statement starting at line 10
2025-10-27 20:54:20,776 WARNING python-dotenv could not parse statement starting at line 10
2025-10-27 20:56:02,816 WARNING python-dotenv could not parse statement starting at line 10
2025-10-27 20:56:02,850 WARNING python-dotenv could not parse statement starting at line 10
2025-10-27 20:56:02,859 WARNING python-dotenv could not parse statement starting at line 10
2025-10-27 20:56:54,231 WARNING python-dotenv could not parse statement starting at line 10
2025-10-27 20:56:54,303 WARNING python-dotenv could not parse statement starting at line 10
2025-10-27 20:56:54,313 WARNING python-dotenv could not parse statement starting at line 10
2025-10-27 20:57:56,569 WARNING python-dotenv could not parse statement starting at line 10
2025-10-27 20:57:56,610 WARNING python-dotenv could not parse statement starting at line 10
2025-10-27 20:57:56,620 WARNING python-dotenv could not parse statement starting at line 10
2025-10-27 20:59:24,428 INFO deleted tasks 5
2025-10-27 21:00:13,278 INFO deleted tasks 5
2025-10-27 21:07:47,782 WARNING python-dotenv could not parse statement starting at line 10
2025-10-27 21:07:47,816 WARNING python-dotenv could not parse statement starting at line 10
2025-10-27 21:07:47,825 WARNING python-dotenv could not parse statement starting at line 10
2025-10-27 21:08:27,332 INFO deleted tasks 5
2025-10-27 21:11:04,460 WARNING python-dotenv could not parse statement starting at line 10
2025-10-27 21:11:04,495 WARNING python-dotenv could not parse statement starting at line 10
2025-10-27 21:11:04,504 WARNING python-dotenv could not parse statement starting at line 10
2025-10-27 21:14:39,645 WARNING python-dotenv could not parse statement starting at line 10
2025-10-27 21:14:39,681 WARNING python-dotenv could not parse statement starting at line 10
2025-10-27 21:14:39,691 WARNING python-dotenv could not parse statement starting at line 10
2025-10-27 21:16:42,886 WARNING python-dotenv could not parse statement starting at line 10
2025-10-27 21:16:42,925 WARNING python-dotenv could not parse statement starting at line 10
2025-10-27 21:16:42,935 WARNING python-dotenv could not parse statement starting at line 10
2025-10-27 21:17:02,175 WARNING python-dotenv could not parse statement starting at line 10
2025-10-27 21:17:02,212 WARNING python-dotenv could not parse statement starting at line 10
2025-10-27 21:17:02,222 WARNING python-dotenv could not parse statement starting at line 10
2025-10-27 21:20:30,696 INFO Section Name 8
2025-10-27 21:20:30,697 INFO Trade Type cool
2025-10-27 21:20:30,697 INFO Number of Traders 333
2025-10-27 21:20:30,697 INFO Sales Per Day 333333333.0
2025-10-27 21:20:30,697 INFO Taxes Applied no
2025-10-27 21:20:30,698 INFO Union Name yes
2025-10-27 21:20:40,054 INFO Section Name 8
2025-10-27 21:20:40,055 INFO Trade Type cool
2025-10-27 21:20:40,055 INFO Number of Traders 333
2025-10-27 21:20:40,055 INFO Sales Per Day 333333333.0
2025-10-27 21:20:40,055 INFO Taxes Applied no
2025-10-27 21:20:40,055 INFO Union Name yes
2025-10-27 21:20:43,301 INFO Section Name 8
2025-10-27 21:20:43,301 INFO Trade Type cool
2025-10-27 21:20:43,301 INFO Number of Traders 333
2025-10-27 21:20:43,302 INFO Sales Per Day 333333333.0
2025-10-27 21:20:43,302 INFO Taxes Applied no
2025-10-27 21:20:43,302 INFO Union Name yes
2025-10-27 21:21:40,363 WARNING python-dotenv could not parse statement starting at line 10
2025-10-27 21:21:40,399 WARNING python-dotenv could not parse statement starting at line 10
2025-10-27 21:21:40,408 WARNING python-dotenv could not parse statement starting at line 10
2025-10-27 21:26:55,504 WARNING python-dotenv could not parse statement starting at line 10
2025-10-27 21:26:55,545 WARNING python-dotenv could not parse statement starting at line 10
2025-10-27 21:26:55,554 WARNING python-dotenv could not parse statement starting at line 10
2025-10-27 21:29:39,271 WARNING python-dotenv could not parse statement starting at line 10
2025-10-27 21:29:39,326 WARNING python-dotenv could not parse statement starting at line 10
2025-10-27 21:29:39,343 WARNING python-dotenv could not parse statement starting at line 10
2025-10-27 21:29:46,888 WARNING python-dotenv could not parse statement starting at line 10
2025-10-27 21:29:46,931 WARNING python-dotenv could not parse statement starting at line 10
2025-10-27 21:29:46,941 WARNING python-dotenv could not parse statement starting at line 10
2025-10-27 21:34:53,769 WARNING python-dotenv could not parse statement starting at line 10
2025-10-27 21:34:53,862 WARNING python-dotenv could not parse statement starting at line 10
2025-10-27 21:34:53,878 WARNING python-dotenv could not parse statement starting at line 10
2025-10-27 21:44:06,589 WARNING python-dotenv could not parse statement starting at line 10
2025-10-27 21:44:06,629 WARNING python-dotenv could not parse statement starting at line 10
2025-10-27 21:44:06,639 WARNING python-dotenv could not parse statement starting at line 10
2025-10-27 21:46:15,746 WARNING python-dotenv could not parse statement starting at line 10
2025-10-27 21:46:15,781 WARNING python-dotenv could not parse statement starting at line 10
2025-10-27 21:46:15,790 WARNING python-dotenv could not parse statement starting at line 10
2025-10-27 21:48:26,293 WARNING python-dotenv could not parse statement starting at line 10
2025-10-27 21:48:26,332 WARNING python-dotenv could not parse statement starting at line 10
2025-10-27 21:48:26,341 WARNING python-dotenv could not parse statement starting at line 10
2025-10-27 21:50:58,106 WARNING python-dotenv could not parse statement starting at line 10
2025-10-27 21:50:58,142 WARNING python-dotenv could not parse statement starting at line 10
2025-10-27 21:50:58,151 WARNING python-dotenv could not parse statement starting at line 10
2025-10-27 21:51:41,124 WARNING python-dotenv could not parse statement starting at line 10
2025-10-27 21:51:41,163 WARNING python-dotenv could not parse statement starting at line 10
2025-10-27 21:51:41,172 WARNING python-dotenv could not parse statement starting at line 10
2025-10-27 21:57:15,643 WARNING python-dotenv could not parse statement starting at line 10
2025-10-27 21:57:15,683 WARNING python-dotenv could not parse statement starting at line 10
2025-10-27 21:57:15,692 WARNING python-dotenv could not parse statement starting at line 10
2025-10-27 21:59:22,360 WARNING python-dotenv could not parse statement starting at line 10
2025-10-27 21:59:22,394 WARNING python-dotenv could not parse statement starting at line 10
2025-10-27 21:59:22,403 WARNING python-dotenv could not parse statement starting at line 10
2025-10-27 22:02:15,931 WARNING python-dotenv could not parse statement starting at line 10
2025-10-27 22:02:15,963 WARNING python-dotenv could not parse statement starting at line 10
2025-10-27 22:02:15,972 WARNING python-dotenv could not parse statement starting at line 10
2025-10-27 22:04:11,699 WARNING python-dotenv could not parse statement starting at line 10
2025-10-27 22:04:11,734 WARNING python-dotenv could not parse statement starting at line 10
2025-10-27 22:04:11,743 WARNING python-dotenv could not parse statement starting at line 10
2025-10-27 22:04:22,405 WARNING python-dotenv could not parse statement starting at line 10
2025-10-27 22:04:22,441 WARNING python-dotenv could not parse statement starting at line 10
2025-10-27 22:04:22,450 WARNING python-dotenv could not parse statement starting at line 10
2025-10-27 23:11:47,143 INFO deleted tasks 3
